<?xml version="1.0" encoding="UTF-8"?>
<!-- Generated by org.testng.reporters.JUnitXMLReporter -->
<testsuite hostname="DESKTOP-J5PG75Q" ignored="0" name="Test" tests="1" failures="1" timestamp="11 Jan 2020 10:34:46 GMT" time="16.458" errors="0">
  <testcase name="verifyExecMstrCre" time="1.487" classname="com.acs.scripts.ExecutiveMasterTest">
    <failure type="java.lang.NullPointerException">
      <![CDATA[java.lang.NullPointerException
at com.acs.genric.ExcelUtilities.readData(ExcelUtilities.java:39)
at com.acs.scripts.ExecutiveMasterTest.verifyExecMstrCre(ExecutiveMasterTest.java:21)
... Removed 25 stack frames]]>
    </failure>
  </testcase> <!-- verifyExecMstrCre -->
</testsuite> <!-- Test -->
