<?xml version="1.0" encoding="UTF-8"?>
<testng-results skipped="0" failed="1" ignored="0" total="1" passed="0">
  <reporter-output>
    <line>
      <![CDATA[framework execution starts Sat Jan 11 16:04:29 IST 2020]]>
    </line>
    <line>
      <![CDATA[firefox browser launched]]>
    </line>
    <line>
      <![CDATA[verifyExecMstrCre script 1 is executing]]>
    </line>
    <line>
      <![CDATA[verifyExecMstrCre script is failed]]>
    </line>
    <line>
      <![CDATA[screenshot has been taken]]>
    </line>
  </reporter-output>
  <suite name="Suite" duration-ms="16458" started-at="2020-01-11T10:34:29Z" finished-at="2020-01-11T10:34:46Z">
    <groups>
    </groups>
    <test name="Test" duration-ms="16458" started-at="2020-01-11T10:34:29Z" finished-at="2020-01-11T10:34:46Z">
      <class name="com.acs.scripts.ExecutiveMasterTest">
        <test-method status="PASS" signature="preCondition(java.lang.String, java.lang.String)[pri:0, instance:com.acs.scripts.ExecutiveMasterTest@50a7bc6e]" name="preCondition" is-config="true" duration-ms="14777" started-at="2020-01-11T10:34:29Z" finished-at="2020-01-11T10:34:44Z">
          <params>
            <param index="0">
              <value>
                <![CDATA[firefox]]>
              </value>
            </param>
            <param index="1">
              <value>
                <![CDATA[http://103.205.66.103/OUPRMS]]>
              </value>
            </param>
          </params>
          <reporter-output>
            <line>
              <![CDATA[firefox browser launched]]>
            </line>
          </reporter-output>
        </test-method> <!-- preCondition -->
        <test-method status="FAIL" signature="verifyExecMstrCre()[pri:1, instance:com.acs.scripts.ExecutiveMasterTest@50a7bc6e]" name="verifyExecMstrCre" duration-ms="1487" started-at="2020-01-11T10:34:44Z" finished-at="2020-01-11T10:34:45Z">
          <exception class="java.lang.NullPointerException">
            <full-stacktrace>
              <![CDATA[java.lang.NullPointerException
at com.acs.genric.ExcelUtilities.readData(ExcelUtilities.java:39)
at com.acs.scripts.ExecutiveMasterTest.verifyExecMstrCre(ExecutiveMasterTest.java:21)
at sun.reflect.NativeMethodAccessorImpl.invoke0(Native Method)
at sun.reflect.NativeMethodAccessorImpl.invoke(NativeMethodAccessorImpl.java:62)
at sun.reflect.DelegatingMethodAccessorImpl.invoke(DelegatingMethodAccessorImpl.java:43)
at java.lang.reflect.Method.invoke(Method.java:498)
at org.testng.internal.MethodInvocationHelper.invokeMethod(MethodInvocationHelper.java:124)
at org.testng.internal.Invoker.invokeMethod(Invoker.java:583)
at org.testng.internal.Invoker.invokeTestMethod(Invoker.java:719)
at org.testng.internal.Invoker.invokeTestMethods(Invoker.java:989)
at org.testng.internal.TestMethodWorker.invokeTestMethods(TestMethodWorker.java:125)
at org.testng.internal.TestMethodWorker.run(TestMethodWorker.java:109)
at org.testng.TestRunner.privateRun(TestRunner.java:648)
at org.testng.TestRunner.run(TestRunner.java:505)
at org.testng.SuiteRunner.runTest(SuiteRunner.java:455)
at org.testng.SuiteRunner.runSequentially(SuiteRunner.java:450)
at org.testng.SuiteRunner.privateRun(SuiteRunner.java:415)
at org.testng.SuiteRunner.run(SuiteRunner.java:364)
at org.testng.SuiteRunnerWorker.runSuite(SuiteRunnerWorker.java:52)
at org.testng.SuiteRunnerWorker.run(SuiteRunnerWorker.java:84)
at org.testng.TestNG.runSuitesSequentially(TestNG.java:1208)
at org.testng.TestNG.runSuitesLocally(TestNG.java:1137)
at org.testng.TestNG.runSuites(TestNG.java:1049)
at org.testng.TestNG.run(TestNG.java:1017)
at org.testng.remote.AbstractRemoteTestNG.run(AbstractRemoteTestNG.java:115)
at org.testng.remote.RemoteTestNG.initAndRun(RemoteTestNG.java:251)
at org.testng.remote.RemoteTestNG.main(RemoteTestNG.java:77)
]]>
            </full-stacktrace>
          </exception> <!-- java.lang.NullPointerException -->
          <reporter-output>
            <line>
              <![CDATA[verifyExecMstrCre script 1 is executing]]>
            </line>
            <line>
              <![CDATA[verifyExecMstrCre script is failed]]>
            </line>
            <line>
              <![CDATA[screenshot has been taken]]>
            </line>
          </reporter-output>
        </test-method> <!-- verifyExecMstrCre -->
        <test-method status="PASS" signature="postCondition()[pri:0, instance:com.acs.scripts.ExecutiveMasterTest@50a7bc6e]" name="postCondition" is-config="true" duration-ms="0" started-at="2020-01-11T10:34:46Z" finished-at="2020-01-11T10:34:46Z">
          <reporter-output>
          </reporter-output>
        </test-method> <!-- postCondition -->
      </class> <!-- com.acs.scripts.ExecutiveMasterTest -->
    </test> <!-- Test -->
  </suite> <!-- Suite -->
</testng-results>
